\BOOKMARK [1][-]{section.1}{Background}{}% 1
\BOOKMARK [1][-]{section.2}{Model Description}{}% 2
\BOOKMARK [2][-]{subsection.2.1}{Simulation model}{section.2}% 3
\BOOKMARK [2][-]{subsection.2.2}{Observation model}{section.2}% 4
\BOOKMARK [2][-]{subsection.2.3}{Order of calculations}{section.2}% 5
\BOOKMARK [2][-]{subsection.2.4}{Implementation, weighting procedure}{section.2}% 6
\BOOKMARK [2][-]{subsection.2.5}{Initial parameters and optimization}{section.2}% 7
\BOOKMARK [1][-]{section.3}{Remarkable Model Assumptions \(in bold the terms associated to the more recent assumptions\)}{}% 8
\BOOKMARK [1][-]{section.4}{Natural mortality selection}{}% 9
\BOOKMARK [1][-]{section.5}{Fit to data}{}% 10
\BOOKMARK [1][-]{section.6}{Model estimates}{}% 11
\BOOKMARK [2][-]{subsection.6.1}{Catchability}{section.6}% 12
\BOOKMARK [2][-]{subsection.6.2}{Estimated age composition}{section.6}% 13
\BOOKMARK [2][-]{subsection.6.3}{Suitability}{section.6}% 14
\BOOKMARK [2][-]{subsection.6.4}{Abundance, recruitment and Fishing mortality}{section.6}% 15
\BOOKMARK [2][-]{subsection.6.5}{Comparison with the last two years estimated time series}{section.6}% 16
\BOOKMARK [1][-]{section.7}{Reference points}{}% 17
\BOOKMARK [1][-]{section.8}{Catch advice for July 2023 to June 2024}{}% 18
\BOOKMARK [2][-]{subsection.8.1}{One over two harvest control rule}{section.8}% 19
\BOOKMARK [2][-]{subsection.8.2}{Constant harvest rate rule}{section.8}% 20
\BOOKMARK [1][-]{section.9}{Acknowledgements}{}% 21
\BOOKMARK [1][-]{section.10}{References}{}% 22
